c:\users\rossella\documents\github\address_book_final\mainwindow\x64\debug\moc_mainwindow.obj
c:\users\rossella\documents\github\address_book_final\mainwindow\x64\debug\moc_addwindow.obj
c:\users\rossella\documents\github\address_book_final\mainwindow\x64\debug\qrc_mainwindow.obj
c:\users\rossella\documents\github\address_book_final\mainwindow\x64\debug\vc142.pdb
c:\users\rossella\documents\github\address_book_final\mainwindow\x64\debug\mainwindow.pch
c:\users\rossella\documents\github\address_book_final\mainwindow\x64\debug\stdafx.obj
c:\users\rossella\documents\github\address_book_final\mainwindow\x64\debug\mainwindow.obj
c:\users\rossella\documents\github\address_book_final\mainwindow\x64\debug\addwindow.obj
c:\users\rossella\documents\github\address_book_final\mainwindow\x64\debug\main.obj
c:\users\rossella\documents\github\address_book_final\mainwindow\x64\debug\mainwindow.exe
c:\users\rossella\documents\github\address_book_final\mainwindow\x64\debug\mainwindow.ilk
c:\users\rossella\documents\github\address_book_final\mainwindow\x64\debug\mainwindow.pdb
c:\users\rossella\documents\github\address_book_final\mainwindow\x64\debug\uic\ui_addwindow.h
c:\users\rossella\documents\github\address_book_final\mainwindow\x64\debug\uic\ui_mainwindow.h
c:\users\rossella\documents\github\address_book_final\mainwindow\x64\debug\rcc\qrc_mainwindow.cpp
c:\users\rossella\documents\github\address_book_final\mainwindow\x64\debug\moc\moc_mainwindow.cpp
c:\users\rossella\documents\github\address_book_final\mainwindow\x64\debug\moc\moc_addwindow.cpp
c:\users\rossella\documents\github\address_book_final\mainwindow\x64\debug\adddialog.obj
c:\users\rossella\documents\github\address_book_final\mainwindow\x64\debug\moc_adddialog.obj
c:\users\rossella\documents\github\address_book_final\mainwindow\x64\debug\mainwindow.tlog\cl.command.1.tlog
c:\users\rossella\documents\github\address_book_final\mainwindow\x64\debug\mainwindow.tlog\cl.read.1.tlog
c:\users\rossella\documents\github\address_book_final\mainwindow\x64\debug\mainwindow.tlog\cl.write.1.tlog
c:\users\rossella\documents\github\address_book_final\mainwindow\x64\debug\mainwindow.tlog\link.command.1.tlog
c:\users\rossella\documents\github\address_book_final\mainwindow\x64\debug\mainwindow.tlog\link.read.1.tlog
c:\users\rossella\documents\github\address_book_final\mainwindow\x64\debug\mainwindow.tlog\link.write.1.tlog
c:\users\rossella\documents\github\address_book_final\mainwindow\x64\debug\mainwindow.tlog\mainwindow.write.1u.tlog
c:\users\rossella\documents\github\address_book_final\mainwindow\x64\debug\mainwindow.tlog\moc.read.1u.tlog
c:\users\rossella\documents\github\address_book_final\mainwindow\x64\debug\mainwindow.tlog\moc.write.1u.tlog
c:\users\rossella\documents\github\address_book_final\mainwindow\x64\debug\mainwindow.tlog\rcc.read.1u.tlog
c:\users\rossella\documents\github\address_book_final\mainwindow\x64\debug\mainwindow.tlog\rcc.write.1u.tlog
c:\users\rossella\documents\github\address_book_final\mainwindow\x64\debug\mainwindow.tlog\uic.read.1u.tlog
c:\users\rossella\documents\github\address_book_final\mainwindow\x64\debug\mainwindow.tlog\uic.write.1u.tlog
